#
# There is insufficient memory for the Java Runtime Environment to continue.
# Native memory allocation (malloc) failed to allocate 480104 bytes for AllocateHeap
# Possible reasons:
#   The system is out of physical RAM or swap space
#   The process is running with CompressedOops enabled, and the Java Heap may be blocking the growth of the native heap
# Possible solutions:
#   Reduce memory load on the system
#   Increase physical memory or swap space
#   Check if swap backing store is full
#   Decrease Java heap size (-Xmx/-Xms)
#   Decrease number of Java threads
#   Decrease Java thread stack sizes (-Xss)
#   Set larger code cache with -XX:ReservedCodeCacheSize=
#   JVM is running with Unscaled Compressed Oops mode in which the Java heap is
#     placed in the first 4GB address space. The Java Heap base address is the
#     maximum limit for the native heap growth. Please use -XX:HeapBaseMinAddress
#     to set the Java Heap base and to place the Java Heap above 4GB virtual address.
# This output file may be truncated or incomplete.
#
#  Out of Memory Error (memory/allocation.inline.hpp:61), pid=10048, tid=0x00000000000003bc
#
# JRE version:  (8.0_201-b09) (build )
# Java VM: Java HotSpot(TM) 64-Bit Server VM (25.201-b09 mixed mode windows-amd64 compressed oops)
# Failed to write core dump. Minidumps are not enabled by default on client versions of Windows
#

---------------  T H R E A D  ---------------

Current thread (0x0000000002d5e000):  JavaThread "Unknown thread" [_thread_in_vm, id=956, stack(0x0000000002df0000,0x0000000002ef0000)]

Stack: [0x0000000002df0000,0x0000000002ef0000]
[error occurred during error reporting (printing stack bounds), id 0xc0000005]

Native frames: (J=compiled Java code, j=interpreted, Vv=VM code, C=native code)


---------------  P R O C E S S  ---------------

Java Threads: ( => current thread )

Other Threads:

=>0x0000000002d5e000 (exited) JavaThread "Unknown thread" [_thread_in_vm, id=956, stack(0x0000000002df0000,0x0000000002ef0000)]

VM state:not at safepoint (not fully initialized)

VM Mutex/Monitor currently owned by a thread: None

heap address: 0x000000009da00000, size: 1574 MB, Compressed Oops mode: 32-bit
Narrow klass base: 0x0000000000000000, Narrow klass shift: 3
Compressed class space size: 1073741824 Address: 0x0000000100000000

GC Heap History (0 events):
No events

Deoptimization events (0 events):
No events

Classes redefined (0 events):
No events

Internal exceptions (0 events):
No events

Events (0 events):
No events


Dynamic libraries:
0x00007ff7cc390000 - 0x00007ff7cc3c7000 	C:\Program Files\Java\jre1.8.0_201\bin\javaw.exe
0x00007ffd5e490000 - 0x00007ffd5e671000 	C:\WINDOWS\SYSTEM32\ntdll.dll
0x00007ffd29cb0000 - 0x00007ffd29cc4000 	C:\Program Files\AVAST Software\Avast\aswhook.dll
0x00007ffd5c380000 - 0x00007ffd5c431000 	C:\WINDOWS\System32\KERNEL32.DLL
0x00007ffd5b530000 - 0x00007ffd5b7a3000 	C:\WINDOWS\System32\KERNELBASE.dll
0x00007ffd5bff0000 - 0x00007ffd5c091000 	C:\WINDOWS\System32\ADVAPI32.dll
0x00007ffd5c450000 - 0x00007ffd5c4ee000 	C:\WINDOWS\System32\msvcrt.dll
0x00007ffd5cda0000 - 0x00007ffd5cdfb000 	C:\WINDOWS\System32\sechost.dll
0x00007ffd5e250000 - 0x00007ffd5e374000 	C:\WINDOWS\System32\RPCRT4.dll
0x00007ffd5c100000 - 0x00007ffd5c291000 	C:\WINDOWS\System32\USER32.dll
0x00007ffd5b510000 - 0x00007ffd5b530000 	C:\WINDOWS\System32\win32u.dll
0x00007ffd5c0a0000 - 0x00007ffd5c0c8000 	C:\WINDOWS\System32\GDI32.dll
0x00007ffd5b1a0000 - 0x00007ffd5b331000 	C:\WINDOWS\System32\gdi32full.dll
0x00007ffd5b7b0000 - 0x00007ffd5b84f000 	C:\WINDOWS\System32\msvcp_win.dll
0x00007ffd5b3c0000 - 0x00007ffd5b4b8000 	C:\WINDOWS\System32\ucrtbase.dll
0x00007ffd4b660000 - 0x00007ffd4b8c9000 	C:\WINDOWS\WinSxS\amd64_microsoft.windows.common-controls_6595b64144ccf1df_6.0.17134.1098_none_d4048e017c8c2390\COMCTL32.dll
0x00007ffd5ca70000 - 0x00007ffd5cd91000 	C:\WINDOWS\System32\combase.dll
0x00007ffd5b340000 - 0x00007ffd5b3b9000 	C:\WINDOWS\System32\bcryptPrimitives.dll
0x00007ffd5c0d0000 - 0x00007ffd5c0fd000 	C:\WINDOWS\System32\IMM32.DLL
0x000000005b820000 - 0x000000005b8f1000 	C:\Program Files\Java\jre1.8.0_201\bin\msvcr100.dll
0x000000005bbd0000 - 0x000000005c474000 	C:\Program Files\Java\jre1.8.0_201\bin\server\jvm.dll
0x00007ffd5e450000 - 0x00007ffd5e458000 	C:\WINDOWS\System32\PSAPI.DLL
0x00007ffd4d0a0000 - 0x00007ffd4d0a9000 	C:\WINDOWS\SYSTEM32\WSOCK32.dll
0x00007ffd5c710000 - 0x00007ffd5c77c000 	C:\WINDOWS\System32\WS2_32.dll
0x00007ffd584a0000 - 0x00007ffd584c3000 	C:\WINDOWS\SYSTEM32\WINMM.dll
0x00007ffd54f20000 - 0x00007ffd54f2a000 	C:\WINDOWS\SYSTEM32\VERSION.dll
0x00007ffd58470000 - 0x00007ffd5849a000 	C:\WINDOWS\SYSTEM32\WINMMBASE.dll
0x00007ffd5b4c0000 - 0x00007ffd5b509000 	C:\WINDOWS\System32\cfgmgr32.dll
0x00007ffd571c0000 - 0x00007ffd571cf000 	C:\Program Files\Java\jre1.8.0_201\bin\verify.dll
0x00007ffd4bda0000 - 0x00007ffd4bdc9000 	C:\Program Files\Java\jre1.8.0_201\bin\java.dll
0x00007ffd44980000 - 0x00007ffd44996000 	C:\Program Files\Java\jre1.8.0_201\bin\zip.dll

VM Arguments:
jvm_args: -Dfile.encoding=Cp1252 
java_command: É_10_essa_porra.tela_login_cliente
java_class_path (initial): C:\Users\David Vieira\eclipse-workspace\Projeto 4°BIM\bin;C:\Users\David Vieira\Downloads\postgresql-42.2.8 (1).jar;C:\Users\David Vieira\Downloads\jsoup-1.6.0.jar.zip;C:\Users\David Vieira\Downloads\jsoup-1.12.1.jar
Launcher Type: SUN_STANDARD

Environment Variables:
PATH=C:/Program Files/Java/jre1.8.0_201/bin/server;C:/Program Files/Java/jre1.8.0_201/bin;C:/Program Files/Java/jre1.8.0_201/lib/amd64;C:\Program Files (x86)\Common Files\Oracle\Java\javapath;C:\Program Files (x86)\Intel\iCLS Client\;C:\Program Files\Intel\iCLS Client\;C:\WINDOWS\system32;C:\WINDOWS;C:\WINDOWS\System32\Wbem;C:\WINDOWS\System32\WindowsPowerShell\v1.0\;C:\Program Files (x86)\Intel\Intel(R) Management Engine Components\DAL;C:\Program Files\Intel\Intel(R) Management Engine Components\DAL;C:\Program Files (x86)\Intel\Intel(R) Management Engine Components\IPT;C:\Program Files\Intel\Intel(R) Management Engine Components\IPT;C:\Program Files\Intel\WiFi\bin\;C:\Program Files\Common Files\Intel\WirelessCommon\;C:\WINDOWS\System32\OpenSSH\;C:\Users\David Vieira\AppData\Local\Microsoft\WindowsApps;;C:\Users\David Vieira\Desktop;
USERNAME=David Vieira
OS=Windows_NT
PROCESSOR_IDENTIFIER=Intel64 Family 6 Model 142 Stepping 9, GenuineIntel



---------------  S Y S T E M  ---------------

OS: Windows 10.0 , 64 bit Build 17134 (10.0.17134.753)

CPU:total 4 (initial active 4) (2 cores per cpu, 2 threads per core) family 6 model 142 stepping 9, cmov, cx8, fxsr, mmx, sse, sse2, sse3, ssse3, sse4.1, sse4.2, popcnt, avx, avx2, aes, clmul, erms, 3dnowpref, lzcnt, ht, tsc, tscinvbit, bmi1, bmi2, adx

Memory: 4k page, physical 6442596k(1066284k free), swap 26365540k(5456k free)

vm_info: Java HotSpot(TM) 64-Bit Server VM (25.201-b09) for windows-amd64 JRE (1.8.0_201-b09), built on Dec 15 2018 18:36:39 by "java_re" with MS VC++ 10.0 (VS2010)

time: Mon Nov 04 22:17:05 2019
timezone: Hora oficial do Brasil
elapsed time: 0 seconds (0d 0h 0m 0s)

