#
# A fatal error has been detected by the Java Runtime Environment:
#
#  EXCEPTION_ACCESS_VIOLATION (0xc0000005) at pc=0x00007ffc40834aae, pid=6604, tid=0x0000000000001474
#
# JRE version: Java(TM) SE Runtime Environment (8.0_201-b09) (build 1.8.0_201-b09)
# Java VM: Java HotSpot(TM) 64-Bit Server VM (25.201-b09 mixed mode windows-amd64 compressed oops)
# Problematic frame:
# C  [awt.dll+0x64aae]
#
# Failed to write core dump. Minidumps are not enabled by default on client versions of Windows
#
# If you would like to submit a bug report, please visit:
#   http://bugreport.java.com/bugreport/crash.jsp
# The crash happened outside the Java Virtual Machine in native code.
# See problematic frame for where to report the bug.
#

---------------  T H R E A D  ---------------

Current thread (0x00000000191bd000):  JavaThread "AWT-EventQueue-0" [_thread_in_native, id=5236, stack(0x000000001a200000,0x000000001a300000)]

siginfo: ExceptionCode=0xc0000005, writing address 0x0000000000000010

Registers:
RAX=0x000000000000000a, RBX=0x0000000000000000, RCX=0x000000001a2f89c8, RDX=0x0000000000000000
RSP=0x000000001a2f87d0, RBP=0x000000001a2f88b0, RSI=0x0000000000000000, RDI=0x000000000000000a
R8 =0x0000000000000000, R9 =0x000000001a2f8990, R10=0x0000000000000000, R11=0x00000000ffffff98
R12=0x0000000000000000, R13=0x0000000000000000, R14=0x0000000000000000, R15=0x0000000000000000
RIP=0x00007ffc40834aae, EFLAGS=0x0000000000010297

Top of Stack: (sp=0x000000001a2f87d0)
0x000000001a2f87d0:   0000000000000031 000000001a2f88e8
0x000000001a2f87e0:   0000000000000000 0000000000000000
0x000000001a2f87f0:   0000000000000000 0000000019c68000
0x000000001a2f8800:   0000000000000178 0000000000000000
0x000000001a2f8810:   000000003e4ccccd 0000000000000000
0x000000001a2f8820:   000000001a2faa50 0000000000000000
0x000000001a2f8830:   0000000017549b88 0000000000000001
0x000000001a2f8840:   00007ffc4090ff00 00000000191bd1f8
0x000000001a2f8850:   00000000d78acd28 000000001a2fc220
0x000000001a2f8860:   000000001973df10 00007ffc408353b9
0x000000001a2f8870:   000000001a2f88b0 0000000000000001
0x000000001a2f8880:   000000000005d1ff 000000000000015e
0x000000001a2f8890:   0000000000000050 00000000d78acb70
0x000000001a2f88a0:   0000000000000014 000000000300ae2c
0x000000001a2f88b0:   00007ffc40834d40 00007ffc408352a0
0x000000001a2f88c0:   000000001a2fc190 0000000100000001 

Instructions: (pc=0x00007ffc40834aae)
0x00007ffc40834a8e:   8b 51 04 3b 51 04 0f 84 d5 00 00 00 8b 41 04 44
0x00007ffc40834a9e:   8b 19 45 8b d4 45 2b 19 8b f8 2b fa 3b d0 7d 18
0x00007ffc40834aae:   41 c7 40 10 ff ff ff ff 4d 89 48 08 41 8b 01 41
0x00007ffc40834abe:   89 00 45 2b 51 04 eb 15 41 c7 40 10 01 00 00 00 


Register to memory mapping:

RAX=0x000000000000000a is an unknown value
RBX=0x0000000000000000 is an unknown value
RCX=0x000000001a2f89c8 is pointing into the stack for thread: 0x00000000191bd000
RDX=0x0000000000000000 is an unknown value
RSP=0x000000001a2f87d0 is pointing into the stack for thread: 0x00000000191bd000
RBP=0x000000001a2f88b0 is pointing into the stack for thread: 0x00000000191bd000
RSI=0x0000000000000000 is an unknown value
RDI=0x000000000000000a is an unknown value
R8 =0x0000000000000000 is an unknown value
R9 =0x000000001a2f8990 is pointing into the stack for thread: 0x00000000191bd000
R10=0x0000000000000000 is an unknown value
R11=0x00000000ffffff98 is an unallocated location in the heap
R12=0x0000000000000000 is an unknown value
R13=0x0000000000000000 is an unknown value
R14=0x0000000000000000 is an unknown value
R15=0x0000000000000000 is an unknown value


Stack: [0x000000001a200000,0x000000001a300000],  sp=0x000000001a2f87d0,  free space=993k
Native frames: (J=compiled Java code, j=interpreted, Vv=VM code, C=native code)
C  [awt.dll+0x64aae]

Java frames: (J=compiled Java code, j=interpreted, Vv=VM code)
J 1701  sun.java2d.loops.FillPath.FillPath(Lsun/java2d/SunGraphics2D;Lsun/java2d/SurfaceData;IILjava/awt/geom/Path2D$Float;)V (0 bytes) @ 0x0000000002c41f06 [0x0000000002c41e80+0x86]
J 1700 C1 sun.java2d.pipe.LoopPipe.fill(Lsun/java2d/SunGraphics2D;Ljava/awt/Shape;)V (158 bytes) @ 0x0000000002fd46d4 [0x0000000002fd3a40+0xc94]
J 1699 C1 sun.java2d.pipe.PixelToParallelogramConverter.fill(Lsun/java2d/SunGraphics2D;Ljava/awt/Shape;)V (76 bytes) @ 0x0000000002fd0614 [0x0000000002fcfea0+0x774]
J 1545 C1 sun.java2d.pipe.ValidatePipe.fill(Lsun/java2d/SunGraphics2D;Ljava/awt/Shape;)V (20 bytes) @ 0x0000000002f6020c [0x0000000002f5fe40+0x3cc]
J 1698 C1 sun.java2d.SunGraphics2D.fill(Ljava/awt/Shape;)V (64 bytes) @ 0x0000000002fcdc7c [0x0000000002fcdb60+0x11c]
J 1693 C1 javax.swing.border.LineBorder.paintBorder(Ljava/awt/Component;Ljava/awt/Graphics;IIII)V (222 bytes) @ 0x0000000002fd2244 [0x0000000002fd0d40+0x1504]
J 1210 C1 javax.swing.JComponent.paintBorder(Ljava/awt/Graphics;)V (28 bytes) @ 0x0000000002e6e884 [0x0000000002e6e4e0+0x3a4]
J 1187 C1 javax.swing.JComponent.paint(Ljava/awt/Graphics;)V (409 bytes) @ 0x0000000002e42134 [0x0000000002e40800+0x1934]
J 1188 C1 javax.swing.JComponent.paintChildren(Ljava/awt/Graphics;)V (669 bytes) @ 0x0000000002e3ab64 [0x0000000002e377e0+0x3384]
J 1187 C1 javax.swing.JComponent.paint(Ljava/awt/Graphics;)V (409 bytes) @ 0x0000000002e4251c [0x0000000002e40800+0x1d1c]
j  javax.swing.JLayeredPane.paint(Ljava/awt/Graphics;)V+73
J 1188 C1 javax.swing.JComponent.paintChildren(Ljava/awt/Graphics;)V (669 bytes) @ 0x0000000002e3ab64 [0x0000000002e377e0+0x3384]
J 1602 C1 javax.swing.JComponent.paintToOffscreen(Ljava/awt/Graphics;IIIIII)V (108 bytes) @ 0x0000000002f836f4 [0x0000000002f83080+0x674]
J 1689 C1 javax.swing.RepaintManager$PaintManager.paintDoubleBuffered(Ljavax/swing/JComponent;Ljava/awt/Image;Ljava/awt/Graphics;IIII)V (294 bytes) @ 0x0000000002b7bc34 [0x0000000002b7b4e0+0x754]
J 1601 C1 javax.swing.RepaintManager$PaintManager.paint(Ljavax/swing/JComponent;Ljavax/swing/JComponent;Ljava/awt/Graphics;IIII)Z (189 bytes) @ 0x0000000002f8151c [0x0000000002f80880+0xc9c]
J 1479 C1 javax.swing.RepaintManager.paint(Ljavax/swing/JComponent;Ljavax/swing/JComponent;Ljava/awt/Graphics;IIII)V (93 bytes) @ 0x0000000002f32e7c [0x0000000002f329a0+0x4dc]
J 1187 C1 javax.swing.JComponent.paint(Ljava/awt/Graphics;)V (409 bytes) @ 0x0000000002e42754 [0x0000000002e40800+0x1f54]
j  java.awt.GraphicsCallback$PaintCallback.run(Ljava/awt/Component;Ljava/awt/Graphics;)V+2
j  sun.awt.SunGraphicsCallback.runOneComponent(Ljava/awt/Component;Ljava/awt/Rectangle;Ljava/awt/Graphics;Ljava/awt/Shape;I)V+155
j  sun.awt.SunGraphicsCallback.runComponents([Ljava/awt/Component;Ljava/awt/Graphics;I)V+194
j  java.awt.Container.paint(Ljava/awt/Graphics;)V+58
j  java.awt.Window.paint(Ljava/awt/Graphics;)V+68
J 1615 C1 javax.swing.RepaintManager$4.run()Ljava/lang/Void; (278 bytes) @ 0x0000000002f9274c [0x0000000002f91ba0+0xbac]
J 1502 C1 javax.swing.RepaintManager$4.run()Ljava/lang/Object; (5 bytes) @ 0x0000000002f436cc [0x0000000002f43640+0x8c]
v  ~StubRoutines::call_stub
J 543  java.security.AccessController.doPrivileged(Ljava/security/PrivilegedAction;Ljava/security/AccessControlContext;)Ljava/lang/Object; (0 bytes) @ 0x0000000002c7b126 [0x0000000002c7b0c0+0x66]
J 1621 C1 javax.swing.RepaintManager.paintDirtyRegions(Ljava/util/Map;)V (196 bytes) @ 0x0000000002f98104 [0x0000000002f96c40+0x14c4]
J 1620 C1 javax.swing.RepaintManager.paintDirtyRegions()V (50 bytes) @ 0x0000000002b89c6c [0x0000000002b89a00+0x26c]
J 1619 C1 javax.swing.RepaintManager.prePaintDirtyRegions()V (91 bytes) @ 0x0000000002f94324 [0x0000000002f93d00+0x624]
J 1525 C1 javax.swing.RepaintManager$ProcessingRunnable.run()V (41 bytes) @ 0x0000000002f3d434 [0x0000000002f3d1e0+0x254]
J 1976 C2 java.awt.EventQueue$3.run()Ljava/lang/Object; (5 bytes) @ 0x0000000003078108 [0x0000000003077e20+0x2e8]
v  ~StubRoutines::call_stub
J 543  java.security.AccessController.doPrivileged(Ljava/security/PrivilegedAction;Ljava/security/AccessControlContext;)Ljava/lang/Object; (0 bytes) @ 0x0000000002c7b126 [0x0000000002c7b0c0+0x66]
J 1969 C2 java.awt.EventQueue.dispatchEvent(Ljava/awt/AWTEvent;)V (80 bytes) @ 0x000000000306a7f8 [0x000000000306a480+0x378]
J 1973 C2 java.awt.EventDispatchThread.pumpOneEventForFilters(I)V (190 bytes) @ 0x000000000307e99c [0x000000000307e460+0x53c]
j  java.awt.EventDispatchThread.pumpEventsForFilter(ILjava/awt/Conditional;Ljava/awt/EventFilter;)V+35
j  java.awt.EventDispatchThread.pumpEventsForHierarchy(ILjava/awt/Conditional;Ljava/awt/Component;)V+11
j  java.awt.EventDispatchThread.pumpEvents(ILjava/awt/Conditional;)V+4
j  java.awt.EventDispatchThread.pumpEvents(Ljava/awt/Conditional;)V+3
j  java.awt.EventDispatchThread.run()V+9
v  ~StubRoutines::call_stub

---------------  P R O C E S S  ---------------

Java Threads: ( => current thread )
  0x0000000019779000 JavaThread "TimerQueue" daemon [_thread_blocked, id=7768, stack(0x000000001b2e0000,0x000000001b3e0000)]
  0x000000000295d800 JavaThread "DestroyJavaVM" [_thread_blocked, id=3940, stack(0x00000000027c0000,0x00000000028c0000)]
=>0x00000000191bd000 JavaThread "AWT-EventQueue-0" [_thread_in_native, id=5236, stack(0x000000001a200000,0x000000001a300000)]
  0x00000000191ac000 JavaThread "AWT-Windows" daemon [_thread_in_native, id=11964, stack(0x000000001a040000,0x000000001a140000)]
  0x00000000191ab000 JavaThread "AWT-Shutdown" [_thread_blocked, id=8440, stack(0x0000000019f40000,0x000000001a040000)]
  0x0000000019683800 JavaThread "Java2D Disposer" daemon [_thread_blocked, id=2596, stack(0x0000000019e40000,0x0000000019f40000)]
  0x00000000175dc800 JavaThread "Service Thread" daemon [_thread_blocked, id=3404, stack(0x00000000192f0000,0x00000000193f0000)]
  0x0000000018df8800 JavaThread "C1 CompilerThread2" daemon [_thread_blocked, id=2516, stack(0x00000000191f0000,0x00000000192f0000)]
  0x00000000175d5000 JavaThread "C2 CompilerThread1" daemon [_thread_blocked, id=11856, stack(0x0000000018cf0000,0x0000000018df0000)]
  0x000000001757f800 JavaThread "C2 CompilerThread0" daemon [_thread_blocked, id=6320, stack(0x0000000018bf0000,0x0000000018cf0000)]
  0x000000001757d800 JavaThread "Attach Listener" daemon [_thread_blocked, id=9948, stack(0x0000000018af0000,0x0000000018bf0000)]
  0x000000001757a000 JavaThread "Signal Dispatcher" daemon [_thread_blocked, id=10944, stack(0x00000000189f0000,0x0000000018af0000)]
  0x000000001756a800 JavaThread "Finalizer" daemon [_thread_blocked, id=5552, stack(0x00000000187e0000,0x00000000188e0000)]
  0x0000000002a50000 JavaThread "Reference Handler" daemon [_thread_blocked, id=6548, stack(0x00000000186e0000,0x00000000187e0000)]

Other Threads:
  0x0000000017548000 VMThread [stack: 0x00000000185e0000,0x00000000186e0000] [id=11748]
  0x0000000018e11000 WatcherThread [stack: 0x00000000193f0000,0x00000000194f0000] [id=2312]

VM state:not at safepoint (normal execution)

VM Mutex/Monitor currently owned by a thread: None

heap address: 0x0000000081e00000, size: 2018 MB, Compressed Oops mode: 32-bit
Narrow klass base: 0x0000000000000000, Narrow klass shift: 3
Compressed class space size: 1073741824 Address: 0x0000000100000000

Heap:
 PSYoungGen      total 38400K, used 25886K [0x00000000d5f80000, 0x00000000d8a00000, 0x0000000100000000)
  eden space 33280K, 77% used [0x00000000d5f80000,0x00000000d78c78a0,0x00000000d8000000)
  from space 5120K, 0% used [0x00000000d8500000,0x00000000d8500000,0x00000000d8a00000)
  to   space 5120K, 0% used [0x00000000d8000000,0x00000000d8000000,0x00000000d8500000)
 ParOldGen       total 87552K, used 0K [0x0000000081e00000, 0x0000000087380000, 0x00000000d5f80000)
  object space 87552K, 0% used [0x0000000081e00000,0x0000000081e00000,0x0000000087380000)
 Metaspace       used 15569K, capacity 15858K, committed 16128K, reserved 1062912K
  class space    used 1934K, capacity 2037K, committed 2048K, reserved 1048576K

Card table byte_map: [0x0000000011e20000,0x0000000012220000] byte_map_base: 0x0000000011a11000

Marking Bits: (ParMarkBitMap*) 0x000000005cfd4ce0
 Begin Bits: [0x00000000128d0000, 0x0000000014858000)
 End Bits:   [0x0000000014858000, 0x00000000167e0000)

Polling page: 0x0000000000fe0000

CodeCache: size=245760Kb used=6412Kb max_used=6423Kb free=239347Kb
 bounds [0x0000000002a60000, 0x00000000030b0000, 0x0000000011a60000]
 total_blobs=2479 nmethods=1950 adapters=439
 compilation: enabled

Compilation events (10 events):
Event: 163.798 Thread 0x0000000018df8800 2033       3       org.postgresql.core.VisibleBufferedInputStream::read (199 bytes)
Event: 163.800 Thread 0x0000000018df8800 nmethod 2033 0x0000000002c92f90 code [0x0000000002c93160, 0x0000000002c93968]
Event: 163.800 Thread 0x0000000018df8800 2035       3       java.io.Writer::write (11 bytes)
Event: 163.800 Thread 0x0000000018df8800 nmethod 2035 0x0000000002c929d0 code [0x0000000002c92b40, 0x0000000002c92e48]
Event: 163.800 Thread 0x0000000018df8800 2034       3       java.io.InputStream::read (9 bytes)
Event: 163.801 Thread 0x0000000018df8800 nmethod 2034 0x0000000002c92590 code [0x0000000002c92700, 0x0000000002c92928]
Event: 163.801 Thread 0x0000000018df8800 2036       1       java.lang.StackTraceElement::getClassName (5 bytes)
Event: 163.801 Thread 0x0000000018df8800 nmethod 2036 0x0000000002c83190 code [0x0000000002c832e0, 0x0000000002c833f0]
Event: 163.897 Thread 0x000000001757f800 2037       4       java.awt.geom.RoundRectangle2D$Float::setRoundRect (34 bytes)
Event: 163.898 Thread 0x000000001757f800 nmethod 2037 0x000000000306d950 code [0x000000000306da80, 0x000000000306daf8]

GC Heap History (0 events):
No events

Deoptimization events (10 events):
Event: 122.561 Thread 0x00000000191bd000 Uncommon trap: reason=class_check action=maybe_recompile pc=0x0000000002e0402c method=java.util.HashMap.putVal(ILjava/lang/Object;Ljava/lang/Object;ZZ)Ljava/lang/Object; @ 203
Event: 122.561 Thread 0x00000000191bd000 Uncommon trap: reason=class_check action=maybe_recompile pc=0x0000000002e0402c method=java.util.HashMap.putVal(ILjava/lang/Object;Ljava/lang/Object;ZZ)Ljava/lang/Object; @ 203
Event: 122.562 Thread 0x00000000191bd000 Uncommon trap: reason=class_check action=maybe_recompile pc=0x0000000002e0402c method=java.util.HashMap.putVal(ILjava/lang/Object;Ljava/lang/Object;ZZ)Ljava/lang/Object; @ 203
Event: 122.683 Thread 0x00000000191bd000 Uncommon trap: reason=unstable_if action=reinterpret pc=0x0000000002e81094 method=sun.util.logging.PlatformLogger.isLoggable(Lsun/util/logging/PlatformLogger$Level;)Z @ 18
Event: 122.758 Thread 0x00000000191bd000 Uncommon trap: reason=unstable_if action=reinterpret pc=0x0000000002fdbaac method=java.awt.EventQueue.eventToCacheIndex(Ljava/awt/AWTEvent;)I @ 71
Event: 122.758 Thread 0x00000000191bd000 Uncommon trap: reason=class_check action=maybe_recompile pc=0x0000000002bef1cc method=java.awt.EventQueue.setCurrentEventAndMostRecentTimeImpl(Ljava/awt/AWTEvent;)V @ 135
Event: 122.762 Thread 0x00000000191bd000 Uncommon trap: reason=class_check action=maybe_recompile pc=0x0000000002bef1cc method=java.awt.EventQueue.setCurrentEventAndMostRecentTimeImpl(Ljava/awt/AWTEvent;)V @ 135
Event: 123.863 Thread 0x00000000191bd000 Uncommon trap: reason=class_check action=maybe_recompile pc=0x0000000002bef1cc method=java.awt.EventQueue.setCurrentEventAndMostRecentTimeImpl(Ljava/awt/AWTEvent;)V @ 135
Event: 123.865 Thread 0x00000000191bd000 Uncommon trap: reason=class_check action=maybe_recompile pc=0x0000000002bef1cc method=java.awt.EventQueue.setCurrentEventAndMostRecentTimeImpl(Ljava/awt/AWTEvent;)V @ 135
Event: 133.898 Thread 0x00000000191bd000 Uncommon trap: reason=unstable_if action=reinterpret pc=0x0000000002f17868 method=java.awt.Container.getMouseEventTargetImpl(IIZLjava/awt/Container$EventTargetFilter;ZZ)Ljava/awt/Component; @ 218

Classes redefined (0 events):
No events

Internal exceptions (10 events):
Event: 0.223 Thread 0x000000000295d800 Exception <a 'java/lang/NoSuchFieldError': method resolution failed> (0x00000000d618f858) thrown at [C:\re\workspace\8-2-build-windows-amd64-cygwin\jdk8u201\12322\hotspot\src\share\vm\prims\methodHandles.cpp, line 1167]
Event: 0.226 Thread 0x000000000295d800 Exception <a 'java/lang/NoSuchFieldError': method resolution failed> (0x00000000d619cc28) thrown at [C:\re\workspace\8-2-build-windows-amd64-cygwin\jdk8u201\12322\hotspot\src\share\vm\prims\methodHandles.cpp, line 1167]
Event: 0.309 Thread 0x00000000191bd000 Exception <a 'java/io/FileNotFoundException'> (0x00000000d6373d30) thrown at [C:\re\workspace\8-2-build-windows-amd64-cygwin\jdk8u201\12322\hotspot\src\share\vm\prims\jni.cpp, line 709]
Event: 120.457 Thread 0x00000000191bd000 Implicit null exception at 0x000000000302fcad to 0x000000000302fd11
Event: 133.433 Thread 0x00000000191bd000 Exception <a 'java/lang/NullPointerException'> (0x00000000d7814188) thrown at [C:\re\workspace\8-2-build-windows-amd64-cygwin\jdk8u201\12322\hotspot\src\share\vm\interpreter\linkResolver.cpp, line 1287]
Event: 133.433 Thread 0x00000000191bd000 Exception <a 'java/lang/NullPointerException'> (0x00000000d7814188) thrown at [C:\re\workspace\8-2-build-windows-amd64-cygwin\jdk8u201\12322\hotspot\src\share\vm\prims\jvm.cpp, line 1506]
Event: 133.433 Thread 0x00000000191bd000 Exception <a 'java/lang/NullPointerException'> (0x00000000d7814188) thrown at [C:\re\workspace\8-2-build-windows-amd64-cygwin\jdk8u201\12322\hotspot\src\share\vm\prims\jvm.cpp, line 1506]
Event: 163.798 Thread 0x00000000191bd000 Exception <a 'java/lang/NullPointerException'> (0x00000000d7896d30) thrown at [C:\re\workspace\8-2-build-windows-amd64-cygwin\jdk8u201\12322\hotspot\src\share\vm\interpreter\linkResolver.cpp, line 1287]
Event: 163.798 Thread 0x00000000191bd000 Exception <a 'java/lang/NullPointerException'> (0x00000000d7896d30) thrown at [C:\re\workspace\8-2-build-windows-amd64-cygwin\jdk8u201\12322\hotspot\src\share\vm\prims\jvm.cpp, line 1506]
Event: 163.799 Thread 0x00000000191bd000 Exception <a 'java/lang/NullPointerException'> (0x00000000d7896d30) thrown at [C:\re\workspace\8-2-build-windows-amd64-cygwin\jdk8u201\12322\hotspot\src\share\vm\prims\jvm.cpp, line 1506]

Events (10 events):
Event: 160.163 Thread 0x0000000018df8800 flushing nmethod 0x0000000002c82110
Event: 160.163 Thread 0x0000000018df8800 flushing nmethod 0x0000000002c83190
Event: 160.163 Thread 0x0000000018df8800 flushing nmethod 0x0000000002c8a950
Event: 160.163 Thread 0x0000000018df8800 flushing nmethod 0x0000000002c90c90
Event: 162.067 Thread 0x0000000018df8800 flushing nmethod 0x0000000002c91d50
Event: 162.067 Thread 0x0000000018df8800 flushing nmethod 0x0000000002c98f10
Event: 162.067 Thread 0x0000000018df8800 flushing nmethod 0x0000000002c9c590
Event: 162.067 Thread 0x0000000018df8800 flushing nmethod 0x0000000002ca2890
Event: 162.943 Thread 0x0000000018df8800 flushing nmethod 0x0000000002d36350
Event: 162.943 Thread 0x0000000018df8800 flushing nmethod 0x0000000002d633d0


Dynamic libraries:
0x00007ff742910000 - 0x00007ff742947000 	C:\Program Files\Java\jre1.8.0_201\bin\javaw.exe
0x00007ffc72bc0000 - 0x00007ffc72da1000 	C:\WINDOWS\SYSTEM32\ntdll.dll
0x00007ffc3b540000 - 0x00007ffc3b554000 	C:\Program Files\AVAST Software\Avast\aswhook.dll
0x00007ffc70c70000 - 0x00007ffc70d21000 	C:\WINDOWS\System32\KERNEL32.DLL
0x00007ffc6f160000 - 0x00007ffc6f3d3000 	C:\WINDOWS\System32\KERNELBASE.dll
0x00007ffc72ae0000 - 0x00007ffc72b81000 	C:\WINDOWS\System32\ADVAPI32.dll
0x00007ffc70bb0000 - 0x00007ffc70c4e000 	C:\WINDOWS\System32\msvcrt.dll
0x00007ffc70920000 - 0x00007ffc7097b000 	C:\WINDOWS\System32\sechost.dll
0x00007ffc70420000 - 0x00007ffc70544000 	C:\WINDOWS\System32\RPCRT4.dll
0x00007ffc72940000 - 0x00007ffc72ad1000 	C:\WINDOWS\System32\USER32.dll
0x00007ffc70010000 - 0x00007ffc70030000 	C:\WINDOWS\System32\win32u.dll
0x00007ffc708f0000 - 0x00007ffc70918000 	C:\WINDOWS\System32\GDI32.dll
0x00007ffc6fe70000 - 0x00007ffc70001000 	C:\WINDOWS\System32\gdi32full.dll
0x00007ffc6f0c0000 - 0x00007ffc6f15f000 	C:\WINDOWS\System32\msvcp_win.dll
0x00007ffc6efc0000 - 0x00007ffc6f0b8000 	C:\WINDOWS\System32\ucrtbase.dll
0x00007ffc5bc50000 - 0x00007ffc5beb9000 	C:\WINDOWS\WinSxS\amd64_microsoft.windows.common-controls_6595b64144ccf1df_6.0.17134.1098_none_d4048e017c8c2390\COMCTL32.dll
0x00007ffc705c0000 - 0x00007ffc708e1000 	C:\WINDOWS\System32\combase.dll
0x00007ffc6fdf0000 - 0x00007ffc6fe69000 	C:\WINDOWS\System32\bcryptPrimitives.dll
0x00007ffc70ef0000 - 0x00007ffc70f1d000 	C:\WINDOWS\System32\IMM32.DLL
0x000000005c060000 - 0x000000005c131000 	C:\Program Files\Java\jre1.8.0_201\bin\msvcr100.dll
0x000000005c7b0000 - 0x000000005d054000 	C:\Program Files\Java\jre1.8.0_201\bin\server\jvm.dll
0x00007ffc705b0000 - 0x00007ffc705b8000 	C:\WINDOWS\System32\PSAPI.DLL
0x00007ffc639a0000 - 0x00007ffc639a9000 	C:\WINDOWS\SYSTEM32\WSOCK32.dll
0x00007ffc72870000 - 0x00007ffc728dc000 	C:\WINDOWS\System32\WS2_32.dll
0x00007ffc6c630000 - 0x00007ffc6c653000 	C:\WINDOWS\SYSTEM32\WINMM.dll
0x00007ffc6d930000 - 0x00007ffc6d93a000 	C:\WINDOWS\SYSTEM32\VERSION.dll
0x00007ffc6c600000 - 0x00007ffc6c62a000 	C:\WINDOWS\SYSTEM32\WINMMBASE.dll
0x00007ffc6ef70000 - 0x00007ffc6efb9000 	C:\WINDOWS\System32\cfgmgr32.dll
0x00007ffc5d2f0000 - 0x00007ffc5d2ff000 	C:\Program Files\Java\jre1.8.0_201\bin\verify.dll
0x00007ffc3afb0000 - 0x00007ffc3afd9000 	C:\Program Files\Java\jre1.8.0_201\bin\java.dll
0x00007ffc3b560000 - 0x00007ffc3b576000 	C:\Program Files\Java\jre1.8.0_201\bin\zip.dll
0x00007ffc71420000 - 0x00007ffc72865000 	C:\WINDOWS\System32\SHELL32.dll
0x00007ffc70f20000 - 0x00007ffc70fc9000 	C:\WINDOWS\System32\shcore.dll
0x00007ffc6f630000 - 0x00007ffc6fd40000 	C:\WINDOWS\System32\windows.storage.dll
0x00007ffc728e0000 - 0x00007ffc72931000 	C:\WINDOWS\System32\shlwapi.dll
0x00007ffc6eed0000 - 0x00007ffc6eee1000 	C:\WINDOWS\System32\kernel.appcore.dll
0x00007ffc6eeb0000 - 0x00007ffc6eecf000 	C:\WINDOWS\System32\profapi.dll
0x00007ffc6ef00000 - 0x00007ffc6ef4c000 	C:\WINDOWS\System32\powrprof.dll
0x00007ffc6eef0000 - 0x00007ffc6eefa000 	C:\WINDOWS\System32\FLTLIB.DLL
0x00007ffc407d0000 - 0x00007ffc40969000 	C:\Program Files\Java\jre1.8.0_201\bin\awt.dll
0x00007ffc70d30000 - 0x00007ffc70df2000 	C:\WINDOWS\System32\OLEAUT32.dll
0x00007ffc6cb10000 - 0x00007ffc6cb9b000 	C:\WINDOWS\SYSTEM32\apphelp.dll
0x00007ffc6d2e0000 - 0x00007ffc6d378000 	C:\WINDOWS\system32\uxtheme.dll
0x00007ffc70030000 - 0x00007ffc701a4000 	C:\WINDOWS\System32\MSCTF.dll
0x00007ffc6d500000 - 0x00007ffc6d529000 	C:\WINDOWS\system32\dwmapi.dll
0x00007ffc70220000 - 0x00007ffc70371000 	C:\WINDOWS\System32\ole32.dll
0x00007ffc4d0f0000 - 0x00007ffc4d210000 	C:\WINDOWS\system32\opengl32.dll
0x00007ffc4da00000 - 0x00007ffc4da2c000 	C:\WINDOWS\SYSTEM32\GLU32.dll
0x00007ffc6ac20000 - 0x00007ffc6ac67000 	C:\Program Files\Java\jre1.8.0_201\bin\fontmanager.dll
0x00007ffc70380000 - 0x00007ffc70420000 	C:\WINDOWS\System32\clbcatq.dll
0x00007ffc6aa70000 - 0x00007ffc6ac1e000 	C:\WINDOWS\SYSTEM32\WindowsCodecs.dll
0x00007ffc6c6c0000 - 0x00007ffc6c718000 	C:\WINDOWS\system32\dataexchange.dll
0x00007ffc6c800000 - 0x00007ffc6cb0b000 	C:\WINDOWS\system32\d3d11.dll
0x00007ffc6b570000 - 0x00007ffc6b70c000 	C:\WINDOWS\system32\dcomp.dll
0x00007ffc6dbf0000 - 0x00007ffc6dcab000 	C:\WINDOWS\system32\dxgi.dll
0x00007ffc6d660000 - 0x00007ffc6d818000 	C:\WINDOWS\system32\twinapi.appcore.dll
0x00007ffc6d5e0000 - 0x00007ffc6d601000 	C:\WINDOWS\system32\RMCLIENT.dll
0x00007ffc66410000 - 0x00007ffc664a6000 	C:\WINDOWS\System32\TextInputFramework.dll
0x00007ffc6a480000 - 0x00007ffc6a79e000 	C:\WINDOWS\System32\CoreUIComponents.dll
0x00007ffc6bce0000 - 0x00007ffc6bdba000 	C:\WINDOWS\System32\CoreMessaging.dll
0x00007ffc6df70000 - 0x00007ffc6dfa1000 	C:\WINDOWS\SYSTEM32\ntmarta.dll
0x00007ffc6cba0000 - 0x00007ffc6cced000 	C:\WINDOWS\SYSTEM32\wintypes.dll
0x00007ffc3b010000 - 0x00007ffc3b02a000 	C:\Program Files\Java\jre1.8.0_201\bin\net.dll
0x00007ffc64b80000 - 0x00007ffc64d4a000 	C:\WINDOWS\SYSTEM32\urlmon.dll
0x00007ffc639c0000 - 0x00007ffc63c67000 	C:\WINDOWS\SYSTEM32\iertutil.dll
0x00007ffc6e8a0000 - 0x00007ffc6e8ab000 	C:\WINDOWS\SYSTEM32\CRYPTBASE.DLL
0x00007ffc6e6d0000 - 0x00007ffc6e736000 	C:\WINDOWS\system32\mswsock.dll
0x00007ffc3b340000 - 0x00007ffc3b351000 	C:\Program Files\Java\jre1.8.0_201\bin\nio.dll
0x00007ffc40e80000 - 0x00007ffc40ec2000 	C:\Program Files\Java\jre1.8.0_201\bin\t2k.dll
0x00007ffc6e460000 - 0x00007ffc6e51e000 	C:\WINDOWS\SYSTEM32\DNSAPI.dll
0x00007ffc701b0000 - 0x00007ffc701b8000 	C:\WINDOWS\System32\NSI.dll
0x00007ffc6e420000 - 0x00007ffc6e458000 	C:\WINDOWS\SYSTEM32\IPHLPAPI.DLL
0x00007ffc64d70000 - 0x00007ffc64d7a000 	C:\Windows\System32\rasadhlp.dll
0x00007ffc64d80000 - 0x00007ffc64df2000 	C:\WINDOWS\System32\fwpuclnt.dll
0x00007ffc6ea10000 - 0x00007ffc6ea35000 	C:\WINDOWS\SYSTEM32\bcrypt.dll

VM Arguments:
jvm_args: -Dfile.encoding=Cp1252 
java_command: É_10_essa_porra.tela_login_cliente
java_class_path (initial): C:\Users\David Vieira\eclipse-workspace\Projeto 4°BIM\bin;C:\Users\David Vieira\Downloads\postgresql-42.2.8 (1).jar
Launcher Type: SUN_STANDARD

Environment Variables:
PATH=C:/Program Files/Java/jre1.8.0_201/bin/server;C:/Program Files/Java/jre1.8.0_201/bin;C:/Program Files/Java/jre1.8.0_201/lib/amd64;C:\Program Files (x86)\Common Files\Oracle\Java\javapath;C:\Program Files (x86)\Intel\iCLS Client\;C:\Program Files\Intel\iCLS Client\;C:\WINDOWS\system32;C:\WINDOWS;C:\WINDOWS\System32\Wbem;C:\WINDOWS\System32\WindowsPowerShell\v1.0\;C:\Program Files (x86)\Intel\Intel(R) Management Engine Components\DAL;C:\Program Files\Intel\Intel(R) Management Engine Components\DAL;C:\Program Files (x86)\Intel\Intel(R) Management Engine Components\IPT;C:\Program Files\Intel\Intel(R) Management Engine Components\IPT;C:\Program Files\Intel\WiFi\bin\;C:\Program Files\Common Files\Intel\WirelessCommon\;C:\WINDOWS\System32\OpenSSH\;C:\Users\David Vieira\AppData\Local\Microsoft\WindowsApps;;C:\Users\David Vieira\Desktop;
USERNAME=David Vieira
OS=Windows_NT
PROCESSOR_IDENTIFIER=Intel64 Family 6 Model 142 Stepping 9, GenuineIntel



---------------  S Y S T E M  ---------------

OS: Windows 10.0 , 64 bit Build 17134 (10.0.17134.753)

CPU:total 4 (initial active 4) (2 cores per cpu, 2 threads per core) family 6 model 142 stepping 9, cmov, cx8, fxsr, mmx, sse, sse2, sse3, ssse3, sse4.1, sse4.2, popcnt, avx, avx2, aes, clmul, erms, 3dnowpref, lzcnt, ht, tsc, tscinvbit, bmi1, bmi2, adx

Memory: 4k page, physical 8261220k(1254988k free), swap 33427044k(0k free)

vm_info: Java HotSpot(TM) 64-Bit Server VM (25.201-b09) for windows-amd64 JRE (1.8.0_201-b09), built on Dec 15 2018 18:36:39 by "java_re" with MS VC++ 10.0 (VS2010)

time: Tue Oct 29 15:33:27 2019
timezone: Hora oficial do Brasil
elapsed time: 838 seconds (0d 0h 13m 58s)

