#
# There is insufficient memory for the Java Runtime Environment to continue.
# Native memory allocation (malloc) failed to allocate 1048576 bytes for AllocateHeap
# Possible reasons:
#   The system is out of physical RAM or swap space
#   The process is running with CompressedOops enabled, and the Java Heap may be blocking the growth of the native heap
# Possible solutions:
#   Reduce memory load on the system
#   Increase physical memory or swap space
#   Check if swap backing store is full
#   Decrease Java heap size (-Xmx/-Xms)
#   Decrease number of Java threads
#   Decrease Java thread stack sizes (-Xss)
#   Set larger code cache with -XX:ReservedCodeCacheSize=
#   JVM is running with Unscaled Compressed Oops mode in which the Java heap is
#     placed in the first 4GB address space. The Java Heap base address is the
#     maximum limit for the native heap growth. Please use -XX:HeapBaseMinAddress
#     to set the Java Heap base and to place the Java Heap above 4GB virtual address.
# This output file may be truncated or incomplete.
#
#  Out of Memory Error (memory/allocation.inline.hpp:61), pid=9444, tid=0x0000000000001d18
#
# JRE version:  (8.0_201-b09) (build )
# Java VM: Java HotSpot(TM) 64-Bit Server VM (25.201-b09 mixed mode windows-amd64 compressed oops)
# Failed to write core dump. Minidumps are not enabled by default on client versions of Windows
#

---------------  T H R E A D  ---------------

Current thread (0x0000000002c2e000):  JavaThread "Unknown thread" [_thread_in_vm, id=7448, stack(0x0000000002ae0000,0x0000000002be0000)]

Stack: [0x0000000002ae0000,0x0000000002be0000]
[error occurred during error reporting (printing stack bounds), id 0xc0000005]

Native frames: (J=compiled Java code, j=interpreted, Vv=VM code, C=native code)


---------------  P R O C E S S  ---------------

Java Threads: ( => current thread )

Other Threads:

=>0x0000000002c2e000 (exited) JavaThread "Unknown thread" [_thread_in_vm, id=7448, stack(0x0000000002ae0000,0x0000000002be0000)]

VM state:not at safepoint (normal execution)

VM Mutex/Monitor currently owned by a thread: None

heap address: 0x000000009da00000, size: 1574 MB, Compressed Oops mode: 32-bit
Narrow klass base: 0x0000000000000000, Narrow klass shift: 3
Compressed class space size: 1073741824 Address: 0x0000000100000000

Heap:
 PSYoungGen      total 29696K, used 512K [0x00000000df380000, 0x00000000e1480000, 0x0000000100000000)
  eden space 25600K, 2% used [0x00000000df380000,0x00000000df400010,0x00000000e0c80000)
  from space 4096K, 0% used [0x00000000e1080000,0x00000000e1080000,0x00000000e1480000)
  to   space 4096K, 0% used [0x00000000e0c80000,0x00000000e0c80000,0x00000000e1080000)
 ParOldGen       total 68608K, used 0K [0x000000009da00000, 0x00000000a1d00000, 0x00000000df380000)
  object space 68608K, 0% used [0x000000009da00000,0x000000009da00000,0x00000000a1d00000)
 Metaspace       used 751K, capacity 4480K, committed 4480K, reserved 1056768K
  class space    used 76K, capacity 384K, committed 384K, reserved 1048576K

Card table byte_map: [0x00000000120f0000,0x0000000012410000] byte_map_base: 0x0000000011c03000

Marking Bits: (ParMarkBitMap*) 0x0000000074834ce0
 Begin Bits: [0x0000000012a20000, 0x00000000142b8000)
 End Bits:   [0x00000000142b8000, 0x0000000015b50000)

Polling page: 0x0000000001020000

CodeCache: size=245760Kb used=328Kb max_used=328Kb free=245431Kb
 bounds [0x0000000002d30000, 0x0000000002fa0000, 0x0000000011d30000]
 total_blobs=58 nmethods=0 adapters=38
 compilation: enabled

Compilation events (0 events):
No events

GC Heap History (0 events):
No events

Deoptimization events (0 events):
No events

Classes redefined (0 events):
No events

Internal exceptions (0 events):
No events

Events (10 events):
Event: 0.037 loading class java/lang/Short
Event: 0.037 loading class java/lang/Short done
Event: 0.037 loading class java/lang/Integer
Event: 0.037 loading class java/lang/Integer done
Event: 0.037 loading class java/lang/Long
Event: 0.038 loading class java/lang/Long done
Event: 0.038 loading class java/lang/NullPointerException
Event: 0.038 loading class java/lang/NullPointerException done
Event: 0.038 loading class java/lang/ArithmeticException
Event: 0.039 loading class java/lang/ArithmeticException done


Dynamic libraries:
0x00007ff68f100000 - 0x00007ff68f137000 	C:\Program Files\Java\jre1.8.0_201\bin\javaw.exe
0x00007ffb550c0000 - 0x00007ffb552a1000 	C:\WINDOWS\SYSTEM32\ntdll.dll
0x00007ffb45e70000 - 0x00007ffb45e84000 	C:\Program Files\AVAST Software\Avast\aswhook.dll
0x00007ffb52530000 - 0x00007ffb525e1000 	C:\WINDOWS\System32\KERNEL32.DLL
0x00007ffb51a10000 - 0x00007ffb51c83000 	C:\WINDOWS\System32\KERNELBASE.dll
0x00007ffb548d0000 - 0x00007ffb54971000 	C:\WINDOWS\System32\ADVAPI32.dll
0x00007ffb525f0000 - 0x00007ffb5268e000 	C:\WINDOWS\System32\msvcrt.dll
0x00007ffb53ef0000 - 0x00007ffb53f4b000 	C:\WINDOWS\System32\sechost.dll
0x00007ffb53b90000 - 0x00007ffb53cb4000 	C:\WINDOWS\System32\RPCRT4.dll
0x00007ffb53fd0000 - 0x00007ffb54161000 	C:\WINDOWS\System32\USER32.dll
0x00007ffb516b0000 - 0x00007ffb516d0000 	C:\WINDOWS\System32\win32u.dll
0x00007ffb549f0000 - 0x00007ffb54a18000 	C:\WINDOWS\System32\GDI32.dll
0x00007ffb51470000 - 0x00007ffb51601000 	C:\WINDOWS\System32\gdi32full.dll
0x00007ffb51610000 - 0x00007ffb516af000 	C:\WINDOWS\System32\msvcp_win.dll
0x00007ffb516d0000 - 0x00007ffb517c8000 	C:\WINDOWS\System32\ucrtbase.dll
0x00007ffb43220000 - 0x00007ffb43489000 	C:\WINDOWS\WinSxS\amd64_microsoft.windows.common-controls_6595b64144ccf1df_6.0.17134.1098_none_d4048e017c8c2390\COMCTL32.dll
0x00007ffb54b40000 - 0x00007ffb54e61000 	C:\WINDOWS\System32\combase.dll
0x00007ffb51c90000 - 0x00007ffb51d09000 	C:\WINDOWS\System32\bcryptPrimitives.dll
0x00007ffb54b10000 - 0x00007ffb54b3d000 	C:\WINDOWS\System32\IMM32.DLL
0x0000000073e50000 - 0x0000000073f21000 	C:\Program Files\Java\jre1.8.0_201\bin\msvcr100.dll
0x0000000074010000 - 0x00000000748b4000 	C:\Program Files\Java\jre1.8.0_201\bin\server\jvm.dll
0x00007ffb55080000 - 0x00007ffb55088000 	C:\WINDOWS\System32\PSAPI.DLL
0x00007ffb42ca0000 - 0x00007ffb42ca9000 	C:\WINDOWS\SYSTEM32\WSOCK32.dll
0x00007ffb54980000 - 0x00007ffb549ec000 	C:\WINDOWS\System32\WS2_32.dll
0x00007ffb4f0d0000 - 0x00007ffb4f0f3000 	C:\WINDOWS\SYSTEM32\WINMM.dll
0x00007ffb4d080000 - 0x00007ffb4d08a000 	C:\WINDOWS\SYSTEM32\VERSION.dll
0x00007ffb4ef00000 - 0x00007ffb4ef2a000 	C:\WINDOWS\SYSTEM32\WINMMBASE.dll
0x00007ffb517d0000 - 0x00007ffb51819000 	C:\WINDOWS\System32\cfgmgr32.dll
0x00007ffb4ddf0000 - 0x00007ffb4ddff000 	C:\Program Files\Java\jre1.8.0_201\bin\verify.dll
0x00007ffb43fe0000 - 0x00007ffb44009000 	C:\Program Files\Java\jre1.8.0_201\bin\java.dll
0x00007ffb4d5b0000 - 0x00007ffb4d5c6000 	C:\Program Files\Java\jre1.8.0_201\bin\zip.dll

VM Arguments:
jvm_args: -Dfile.encoding=Cp1252 
java_command: É_10_essa_porra.tela_cadastro_funcionario
java_class_path (initial): C:\Users\David Vieira\eclipse-workspace\Projeto 4°BIM\bin;C:\Users\David Vieira\Downloads\postgresql-42.2.8 (1).jar;C:\Users\David Vieira\Downloads\jsoup-1.6.0.jar.zip;C:\Users\David Vieira\Downloads\jsoup-1.12.1.jar
Launcher Type: SUN_STANDARD

Environment Variables:
PATH=C:/Program Files/Java/jre1.8.0_201/bin/server;C:/Program Files/Java/jre1.8.0_201/bin;C:/Program Files/Java/jre1.8.0_201/lib/amd64;C:\Program Files (x86)\Common Files\Oracle\Java\javapath;C:\Program Files (x86)\Intel\iCLS Client\;C:\Program Files\Intel\iCLS Client\;C:\WINDOWS\system32;C:\WINDOWS;C:\WINDOWS\System32\Wbem;C:\WINDOWS\System32\WindowsPowerShell\v1.0\;C:\Program Files (x86)\Intel\Intel(R) Management Engine Components\DAL;C:\Program Files\Intel\Intel(R) Management Engine Components\DAL;C:\Program Files (x86)\Intel\Intel(R) Management Engine Components\IPT;C:\Program Files\Intel\Intel(R) Management Engine Components\IPT;C:\Program Files\Intel\WiFi\bin\;C:\Program Files\Common Files\Intel\WirelessCommon\;C:\WINDOWS\System32\OpenSSH\;C:\Users\David Vieira\AppData\Local\Microsoft\WindowsApps;;C:\Users\David Vieira\Desktop;
USERNAME=David Vieira
OS=Windows_NT
PROCESSOR_IDENTIFIER=Intel64 Family 6 Model 142 Stepping 9, GenuineIntel



---------------  S Y S T E M  ---------------

OS: Windows 10.0 , 64 bit Build 17134 (10.0.17134.753)

CPU:total 4 (initial active 4) (2 cores per cpu, 2 threads per core) family 6 model 142 stepping 9, cmov, cx8, fxsr, mmx, sse, sse2, sse3, ssse3, sse4.1, sse4.2, popcnt, avx, avx2, aes, clmul, erms, 3dnowpref, lzcnt, ht, tsc, tscinvbit, bmi1, bmi2, adx

Memory: 4k page, physical 6442596k(789464k free), swap 26365540k(6016k free)

vm_info: Java HotSpot(TM) 64-Bit Server VM (25.201-b09) for windows-amd64 JRE (1.8.0_201-b09), built on Dec 15 2018 18:36:39 by "java_re" with MS VC++ 10.0 (VS2010)

time: Fri Nov 08 20:27:47 2019
timezone: Hora oficial do Brasil
elapsed time: 0 seconds (0d 0h 0m 0s)

